Loaded 80005 images from /Users/martin/Datasets/ALASKA_v2_TIFF_256_COLOR

=== Compression tests ===

--- Data ---
Data:
| Data size: 1007
| Image size: (256, 256)
| Channels: 3

is turbo faster in decompression than 6b: p-value 0.0

--- baseline ---
| Y (('6b', 'turbo210', '7', '8', '8a', '8b', '8c', '8d', '9', '9a', '9b', '9c', '9d', '9e'),)
| C* (('6b', 'turbo210'), ('7', '8', '8a', '8b', '8c', '8d', '9', '9a', '9b', '9c', '9d'), ('9e',))


--- DCT methods ---
4:4:4 no downsampling
Method: JDCT_ISLOW
| Y (('6b', 'turbo210', '7', '8', '8a', '8b', '8c', '8d', '9', '9a', '9b', '9c', '9d', '9e'),)
| C* (('6b', 'turbo210', '7', '8', '8a', '8b', '8c', '8d', '9', '9a', '9b', '9c', '9d'), ('9e',))
Method: JDCT_FLOAT
| Y (('6b', 'turbo210', '7', '8', '8a', '8b', '8c', '8d', '9', '9a', '9b', '9c', '9d', '9e'),)
| C* (('6b', 'turbo210', '7', '8', '8a', '8b', '8c', '8d', '9', '9a', '9b', '9c', '9d'), ('9e',))
Method: JDCT_IFAST
| Y (('6b', 'turbo210', '7', '8', '8a', '8b', '8c', '8d', '9', '9a', '9b', '9c', '9d', '9e'),)
| C* (('6b', 'turbo210', '7', '8', '8a', '8b', '8c', '8d', '9', '9a', '9b', '9c', '9d'), ('9e',))
4:2:0 fancy downsampling
Method: JDCT_ISLOW
| Y (('6b', 'turbo210', '7', '8', '8a', '8b', '8c', '8d', '9', '9a', '9b', '9c', '9d', '9e'),)
| C* (('6b', 'turbo210'), ('7', '8', '8a', '8b', '8c', '8d', '9', '9a', '9b', '9c', '9d'), ('9e',))
Method: JDCT_FLOAT
| Y (('6b', 'turbo210', '7', '8', '8a', '8b', '8c', '8d', '9', '9a', '9b', '9c', '9d', '9e'),)
| C* (('6b', 'turbo210'), ('7', '8', '8a', '8b', '8c', '8d', '9', '9a', '9b', '9c', '9d'), ('9e',))
Method: JDCT_IFAST
| Y (('6b', 'turbo210', '7', '8', '8a', '8b', '8c', '8d', '9', '9a', '9b', '9c', '9d', '9e'),)
| C* (('6b', 'turbo210'), ('7', '8', '8a', '8b', '8c', '8d', '9', '9a', '9b', '9c', '9d'), ('9e',))
4:2:0 simple_scaling
Method: JDCT_ISLOW
| Y (('6b', 'turbo210', '7', '8', '8a', '8b', '8c', '8d', '9', '9a', '9b', '9c', '9d', '9e'),)
| C* (('6b', 'turbo210', '7', '8', '8a', '8b', '8c', '8d', '9', '9a', '9b', '9c', '9d'), ('9e',))
Method: JDCT_FLOAT
| Y (('6b', 'turbo210', '7', '8', '8a', '8b', '8c', '8d', '9', '9a', '9b', '9c', '9d', '9e'),)
| C* (('6b', 'turbo210', '7', '8', '8a', '8b', '8c', '8d', '9', '9a', '9b', '9c', '9d'), ('9e',))
Method: JDCT_IFAST
| Y (('6b', 'turbo210', '7', '8', '8a', '8b', '8c', '8d', '9', '9a', '9b', '9c', '9d', '9e'),)
| C* (('6b', 'turbo210', '7', '8', '8a', '8b', '8c', '8d', '9', '9a', '9b', '9c', '9d'), ('9e',))

--- Quality ---
| (('6b', 'turbo210', '7', '8', '8a', '8b', '8c', '8d', '9', '9a', '9b', '9c', '9d', '9e'),) : 0:Y 1:Y 2:Y 3:Y 4:Y 5:Y 6:Y 7:Y 8:Y 9:Y 10:Y 11:Y 12:Y 13:Y 14:Y 15:Y 16:Y 17:Y 18:Y 19:Y 20:Y 21:Y 22:Y 23:Y 24:Y 25:Y 26:Y 27:Y 28:Y 29:Y 30:Y 31:Y 32:Y 33:Y 34:Y 35:Y 36:Y 37:Y