Loaded 80005 images from /Users/martin/Datasets/ALASKA_v2_TIFF_256_COLOR
Loaded 23152 images from /Users/martin/Datasets/BOSS_raw/BOSS_from_raw
=== Compression tests ===

--- Data ---
Data:
| Data size: 17
| Image size: (256, 256)
| Channels: 3

is turbo faster in decompression than 6b: p-value 0.00014153261393453563

--- baseline ---
| Y (('6b', 'turbo210', '7', '8', '8a', '8b', '8c', '8d', '9', '9a', '9b', '9c', '9d', '9e'),)
| C* (('7', '8', '8a', '8b', '8c', '8d', '9', '9a', '9b', '9c', '9d'), ('9e',), ('6b', 'turbo210'))

--- DCT methods ---
4:4:4 no downsampling
Method: JDCT_ISLOW
| Y (('6b', 'turbo210', '7', '8', '8a', '8b', '8c', '8d', '9', '9a', '9b', '9c', '9d', '9e'),)
| C* (('6b', 'turbo210', '7', '8', '8a', '8b', '8c', '8d', '9', '9a', '9b', '9c', '9d'), ('9e',))
Method: JDCT_FLOAT
| Y (('6b', 'turbo210', '7', '8', '8a', '8b', '8c', '8d', '9', '9a', '9b', '9c', '9d', '9e'),)
| C* (('6b', 'turbo210', '7', '8', '8a', '8b', '8c', '8d', '9', '9a', '9b', '9c', '9d'), ('9e',))
Method: JDCT_IFAST
| Y (('6b', 'turbo210', '7', '8', '8a', '8b', '8c', '8d', '9', '9a', '9b', '9c', '9d', '9e'),)
| C* (('6b', 'turbo210', '7', '8', '8a', '8b', '8c', '8d', '9', '9a', '9b', '9c', '9d'), ('9e',))
4:2:0 fancy downsampling
Method: JDCT_ISLOW
| Y (('6b', 'turbo210', '7', '8', '8a', '8b', '8c', '8d', '9', '9a', '9b', '9c', '9d', '9e'),)
| C* (('7', '8', '8a', '8b', '8c', '8d', '9', '9a', '9b', '9c', '9d'), ('9e',), ('6b', 'turbo210'))
Method: JDCT_FLOAT
| Y (('6b', 'turbo210', '7', '8', '8a', '8b', '8c', '8d', '9', '9a', '9b', '9c', '9d', '9e'),)
| C* (('7', '8', '8a', '8b', '8c', '8d', '9', '9a', '9b', '9c', '9d'), ('9e',), ('6b', 'turbo210'))
Method: JDCT_IFAST
| Y (('6b', 'turbo210', '7', '8', '8a', '8b', '8c', '8d', '9', '9a', '9b', '9c', '9d', '9e'),)
| C* (('7', '8', '8a', '8b', '8c', '8d', '9', '9a', '9b', '9c', '9d'), ('9e',), ('6b', 'turbo210'))
4:2:0 simple_scaling
Method: JDCT_ISLOW
| Y (('6b', 'turbo210', '7', '8', '8a', '8b', '8c', '8d', '9', '9a', '9b', '9c', '9d', '9e'),)
| C* (('6b', 'turbo210', '7', '8', '8a', '8b', '8c', '8d', '9', '9a', '9b', '9c', '9d'), ('9e',))
Method: JDCT_FLOAT
| Y (('6b', 'turbo210', '7', '8', '8a', '8b', '8c', '8d', '9', '9a', '9b', '9c', '9d', '9e'),)
| C* (('6b', 'turbo210', '7', '8', '8a', '8b', '8c', '8d', '9', '9a', '9b', '9c', '9d'), ('9e',))
Method: JDCT_IFAST
| Y (('6b', 'turbo210', '7', '8', '8a', '8b', '8c', '8d', '9', '9a', '9b', '9c', '9d', '9e'),)
| C* (('6b', 'turbo210', '7', '8', '8a', '8b', '8c', '8d', '9', '9a', '9b', '9c', '9d'), ('9e',))

--- Quality ---
| (('6b', 'turbo210', '7', '8', '8a', '8b', '8c', '8d', '9', '9a', '9b', '9c', '9d', '9e'),) : 0:Y 1:Y 2:Y 3:Y 4:Y 5:Y 6:Y 7:Y 8:Y 9:Y 10:Y 11:Y 12:Y 13:Y 14:Y 15:Y 16:Y 17:Y 18:Y 19:Y 20:Y 21:Y 22:Y 23:Y 24:Y 25:Y 26:Y 27:Y 28:Y 29:Y 30:Y 31:Y 32:Y 33:Y 34:Y 35:Y 36:Y 37:Y 38:Y 39:Y 40:Y 41:Y 42:Y 43:Y 44:Y 45:Y 46:Y 47:Y 48:Y 49:Y 50:Y 51:Y 52:Y 53:Y 54:Y 55:Y 56:Y 57:Y 58:Y 59:Y 60:Y 61:Y 62:Y 63:Y 64:Y 65:Y 66:Y 67:Y 68:Y 69:Y 70:Y 71:Y 72:Y 73:Y 74:Y 75:Y 76:Y 77:Y 78:Y 79:Y 80:Y 81:Y 82:Y 83:Y 84:Y 85:Y 86:Y 87:Y 88:Y 89:Y 90:Y 91:Y 92:Y 93:Y 94:Y 95:Y 96:Y 97:Y 98:Y 99:Y 100:Y
| (('6b', 'turbo210', '7', '8', '8a', '8b', '8c', '8d', '9', '9a', '9b', '9c', '9d'), ('9e',)) : 0:Cb 0:spatial 1:Cb 1:spatial 2:C* 2:spatial 3:Cb 5:Cr
| (('6b', 'turbo210'), ('7', '8', '8a', '8b', '8c', '8d', '9', '9a', '9b', '9c', '9d'), ('9e',)) : 3:Cr 3:spatial 4:C* 4:spatial 5:Cb 5:spatial 6:C* 6:spatial 7:C* 7:spatial 8:C* 8:spatial 9:C* 9:spatial 10:C* 10:spatial 11:C* 11:spatial 12:C* 12:spatial 13:C* 13:spatial 14:C* 14:spatial 15:C* 15:spatial 16:C* 16:spatial 17:C* 17:spatial 18:C* 18:spatial 19:C* 19:spatial 20:C* 20:spatial 21:C* 21:spatial 22:C* 22:spatial 23:C* 23:spatial 24:C* 24:spatial 25:C* 25:spatial 26:C* 26:spatial 27:C* 27:spatial 28:C* 28:spatial 29:C* 29:spatial 30:C* 30:spatial 31:C* 31:spatial 32:C* 32:spatial 33:C* 33:spatial 34:C* 34:spatial 35:C* 35:spatial 36:C* 36:spatial 37:C* 37:spatial 38:C* 38:spatial 39:C* 39:spatial 40:C* 40:spatial 41:C* 41:spatial 42:C* 42:spatial 43:C* 43:spatial 44:C* 44:spatial 45:C* 45:spatial 46:C* 46:spatial 47:C* 47:spatial 48:C* 48:spatial 49:C* 49:spatial 50:C* 50:spatial 51:C* 51:spatial 52:C* 52:spatial 53:C* 53:spatial 54:C* 54:spatial 55:C* 55:spatial 56:C* 56:spatial 57:C* 57:spatial 58:C* 58:spatial 59:C* 59:spatial 60:C* 60:spatial 61:C* 61:spatial 62:C* 62:spatial 63:C* 63:spatial 65:C* 65:spatial 66:C* 66:spatial 68:C* 68:spatial 69:C* 69:spatial 71:C* 71:spatial 72:C* 72:spatial 74:C* 74:spatial 75:C* 75:spatial 77:C* 77:spatial 80:C* 80:spatial 83:C* 83:spatial 86:C* 86:spatial
| (('6b', 'turbo210'), ('7', '8', '8a', '8b', '8c', '8d', '9', '9a', '9b', '9c', '9d', '9e')) : 64:C* 64:spatial 67:C* 67:spatial 70:C* 70:spatial 73:C* 73:spatial 76:C* 76:spatial 78:C* 78:spatial 79:C* 79:spatial 81:C* 81:spatial 82:C* 82:spatial 84:C* 84:spatial 85:C* 85:spatial 87:C* 87:spatial 88:C* 88:spatial 89:C* 89:spatial 90:C* 90:spatial 91:C* 91:spatial 92:C* 92:spatial 93:C* 93:spatial 94:C* 94:spatial 95:C* 95:spatial 96:C* 96:spatial 97:C* 97:spatial 98:C* 98:spatial 99:C* 99:spatial 100:C* 100:spatial

--- Sampling factor ---
Fancy downsampling
| (('6b', 'turbo210', '7', '8', '8a', '8b', '8c', '8d', '9', '9a', '9b', '9c', '9d', '9e'),) : ((1, 1), (1, 1), (1, 1)):Y
 ((1, 2), (1, 2), (1, 2)):Y
 ((2, 1), (2, 1), (2, 1)):Y
 ((1, 2), (1, 1), (1, 1)):Y
 ((2, 2), (2, 1), (2, 1)):Y
 ((1, 4), (1, 2), (1, 2)):Y
 ((1, 2), (1, 2), (1, 1)):Y
 ((1, 2), (1, 1), (1, 2)):Y
 ((2, 1), (1, 1), (1, 1)):Y
 ((2, 2), (1, 2), (1, 2)):Y
 ((2, 1), (2, 1), (1, 1)):Y
 ((2, 1), (1, 1), (2, 1)):Y
 ((2, 2), (1, 1), (1, 1)):Y
 ((2, 2), (2, 1), (1, 1)):Y
 ((2, 2), (1, 1), (2, 1)):Y
 ((2, 2), (1, 2), (1, 1)):Y
 ((2, 2), (1, 1), (1, 2)):Y
 ((2, 2), (2, 2), (1, 1)):Y
 ((2, 2), (2, 2), (2, 1)):Y
 ((2, 2), (2, 2), (1, 2)):Y
 ((2, 2), (1, 1), (2, 2)):Y
 ((2, 2), (2, 1), (2, 2)):Y
 ((2, 2), (1, 2), (2, 2)):Y
 ((4, 1), (1, 1), (1, 1)):Y
 ((4, 1), (2, 1), (1, 1)):Y
 ((4, 1), (1, 1), (2, 1)):Y
 ((4, 2), (1, 1), (1, 1)):Y
 ((1, 4), (1, 1), (1, 1)):Y
 ((1, 4), (1, 2), (1, 1)):Y
 ((2, 4), (1, 1), (1, 1)):Y
 ((3, 1), (1, 1), (1, 1)):Y
 ((3, 1), (3, 1), (1, 1)):Y
 ((3, 1), (1, 1), (3, 1)):Y
 ((3, 2), (3, 1), (1, 1)):Y
 ((3, 2), (1, 2), (1, 2)):Y

| (('6b', 'turbo210', '7', '8', '8a', '8b', '8c', '8d', '9', '9a', '9b', '9c', '9d'), ('9e',)) : ((1, 1), (1, 1), (1, 1)):C* ((1, 1), (1, 1), (1, 1)):spatial ((1, 2), (1, 2), (1, 2)):C* ((1, 2), (1, 2), (1, 2)):spatial ((2, 1), (2, 1), (2, 1)):C* ((2, 1), (2, 1), (2, 1)):spatial ((1, 2), (1, 2), (1, 1)):Cb ((1, 2), (1, 1), (1, 2)):Cr ((2, 1), (2, 1), (1, 1)):Cb ((2, 1), (1, 1), (2, 1)):Cr ((2, 2), (2, 2), (1, 1)):Cb ((2, 2), (2, 2), (2, 1)):Cb ((2, 2), (2, 2), (1, 2)):Cb ((2, 2), (1, 1), (2, 2)):Cr ((2, 2), (2, 1), (2, 2)):Cr ((2, 2), (1, 2), (2, 2)):Cr ((3, 1), (1, 1), (1, 1)):C* ((3, 1), (1, 1), (1, 1)):spatial ((3, 1), (3, 1), (1, 1)):C* ((3, 1), (3, 1), (1, 1)):spatial ((3, 1), (1, 1), (3, 1)):C* ((3, 1), (1, 1), (3, 1)):spatial ((3, 2), (1, 2), (1, 2)):C* ((3, 2), (1, 2), (1, 2)):spatial
| (('6b', 'turbo210'), ('7', '8', '8a', '8b', '8c', '8d', '9', '9a', '9b', '9c', '9d'), ('9e',)) : ((1, 2), (1, 1), (1, 1)):C* ((1, 2), (1, 1), (1, 1)):spatial ((2, 2), (2, 1), (2, 1)):C* ((2, 2), (2, 1), (2, 1)):spatial ((1, 4), (1, 2), (1, 2)):C* ((1, 4), (1, 2), (1, 2)):spatial ((1, 2), (1, 2), (1, 1)):Cr ((1, 2), (1, 2), (1, 1)):spatial ((1, 2), (1, 1), (1, 2)):Cb ((1, 2), (1, 1), (1, 2)):spatial ((2, 1), (1, 1), (1, 1)):C* ((2, 1), (1, 1), (1, 1)):spatial ((2, 2), (1, 2), (1, 2)):C* ((2, 2), (1, 2), (1, 2)):spatial ((2, 1), (2, 1), (1, 1)):Cr ((2, 1), (2, 1), (1, 1)):spatial ((2, 1), (1, 1), (2, 1)):Cb ((2, 1), (1, 1), (2, 1)):spatial ((2, 2), (1, 1), (1, 1)):C* ((2, 2), (1, 1), (1, 1)):spatial ((2, 2), (2, 1), (1, 1)):C* ((2, 2), (2, 1), (1, 1)):spatial ((2, 2), (1, 1), (2, 1)):C* ((2, 2), (1, 1), (2, 1)):spatial ((2, 2), (1, 2), (1, 1)):C* ((2, 2), (1, 2), (1, 1)):spatial ((2, 2), (1, 1), (1, 2)):C* ((2, 2), (1, 1), (1, 2)):spatial ((2, 2), (2, 2), (1, 1)):Cr ((2, 2), (2, 2), (1, 1)):spatial ((2, 2), (2, 2), (2, 1)):Cr ((2, 2), (2, 2), (2, 1)):spatial ((2, 2), (2, 2), (1, 2)):Cr ((2, 2), (2, 2), (1, 2)):spatial ((2, 2), (1, 1), (2, 2)):Cb ((2, 2), (1, 1), (2, 2)):spatial ((2, 2), (2, 1), (2, 2)):Cb ((2, 2), (2, 1), (2, 2)):spatial ((2, 2), (1, 2), (2, 2)):Cb ((2, 2), (1, 2), (2, 2)):spatial ((4, 1), (1, 1), (1, 1)):C* ((4, 1), (1, 1), (1, 1)):spatial ((4, 1), (2, 1), (1, 1)):C* ((4, 1), (2, 1), (1, 1)):spatial ((4, 1), (1, 1), (2, 1)):C* ((4, 1), (1, 1), (2, 1)):spatial ((4, 2), (1, 1), (1, 1)):C* ((4, 2), (1, 1), (1, 1)):spatial ((1, 4), (1, 1), (1, 1)):C* ((1, 4), (1, 1), (1, 1)):spatial ((1, 4), (1, 2), (1, 1)):C* ((1, 4), (1, 2), (1, 1)):spatial ((2, 4), (1, 1), (1, 1)):C* ((2, 4), (1, 1), (1, 1)):spatial ((3, 2), (3, 1), (1, 1)):C* ((3, 2), (3, 1), (1, 1)):spatial
Simple_scaling
| (('6b', 'turbo210', '7', '8', '8a', '8b', '8c', '8d', '9', '9a', '9b', '9c', '9d', '9e'),) : ((1, 1), (1, 1), (1, 1)):Y
 ((1, 2), (1, 2), (1, 2)):Y
 ((2, 1), (2, 1), (2, 1)):Y
 ((1, 2), (1, 1), (1, 1)):Y
 ((2, 2), (2, 1), (2, 1)):Y
 ((1, 4), (1, 2), (1, 2)):Y
 ((1, 2), (1, 2), (1, 1)):Y
 ((1, 2), (1, 1), (1, 2)):Y
 ((2, 1), (1, 1), (1, 1)):Y
 ((2, 2), (1, 2), (1, 2)):Y
 ((2, 1), (2, 1), (1, 1)):Y
 ((2, 1), (1, 1), (2, 1)):Y
 ((2, 2), (1, 1), (1, 1)):Y
 ((2, 2), (2, 1), (1, 1)):Y
 ((2, 2), (1, 1), (2, 1)):Y
 ((2, 2), (1, 2), (1, 1)):Y
 ((2, 2), (1, 1), (1, 2)):Y
 ((2, 2), (2, 2), (1, 1)):Y
 ((2, 2), (2, 2), (2, 1)):Y
 ((2, 2), (2, 2), (1, 2)):Y
 ((2, 2), (1, 1), (2, 2)):Y
 ((2, 2), (2, 1), (2, 2)):Y
 ((2, 2), (1, 2), (2, 2)):Y
 ((4, 1), (1, 1), (1, 1)):Y
 ((4, 1), (2, 1), (1, 1)):Y
 ((4, 1), (1, 1), (2, 1)):Y
 ((4, 2), (1, 1), (1, 1)):Y
 ((1, 4), (1, 1), (1, 1)):Y
 ((1, 4), (1, 2), (1, 1)):Y
 ((2, 4), (1, 1), (1, 1)):Y
 ((3, 1), (1, 1), (1, 1)):Y
 ((3, 1), (3, 1), (1, 1)):Y
 ((3, 1), (1, 1), (3, 1)):Y
 ((3, 2), (3, 1), (1, 1)):Y
 ((3, 2), (1, 2), (1, 2)):Y

| (('6b', 'turbo210', '7', '8', '8a', '8b', '8c', '8d', '9', '9a', '9b', '9c', '9d'), ('9e',)) : ((1, 1), (1, 1), (1, 1)):C* ((1, 1), (1, 1), (1, 1)):spatial ((1, 2), (1, 2), (1, 2)):C* ((1, 2), (1, 2), (1, 2)):spatial ((2, 1), (2, 1), (2, 1)):C* ((2, 1), (2, 1), (2, 1)):spatial ((1, 2), (1, 1), (1, 1)):C* ((1, 2), (1, 1), (1, 1)):spatial ((2, 2), (2, 1), (2, 1)):C* ((2, 2), (2, 1), (2, 1)):spatial ((1, 4), (1, 2), (1, 2)):C* ((1, 4), (1, 2), (1, 2)):spatial ((1, 2), (1, 2), (1, 1)):C* ((1, 2), (1, 2), (1, 1)):spatial ((1, 2), (1, 1), (1, 2)):C* ((1, 2), (1, 1), (1, 2)):spatial ((2, 1), (1, 1), (1, 1)):C* ((2, 1), (1, 1), (1, 1)):spatial ((2, 2), (1, 2), (1, 2)):C* ((2, 2), (1, 2), (1, 2)):spatial ((2, 1), (2, 1), (1, 1)):C* ((2, 1), (2, 1), (1, 1)):spatial ((2, 1), (1, 1), (2, 1)):C* ((2, 1), (1, 1), (2, 1)):spatial ((2, 2), (1, 1), (1, 1)):C* ((2, 2), (1, 1), (1, 1)):spatial ((2, 2), (2, 1), (1, 1)):C* ((2, 2), (2, 1), (1, 1)):spatial ((2, 2), (1, 1), (2, 1)):C* ((2, 2), (1, 1), (2, 1)):spatial ((2, 2), (1, 2), (1, 1)):C* ((2, 2), (1, 2), (1, 1)):spatial ((2, 2), (1, 1), (1, 2)):C* ((2, 2), (1, 1), (1, 2)):spatial ((2, 2), (2, 2), (1, 1)):C* ((2, 2), (2, 2), (1, 1)):spatial ((2, 2), (2, 2), (2, 1)):C* ((2, 2), (2, 2), (2, 1)):spatial ((2, 2), (2, 2), (1, 2)):C* ((2, 2), (2, 2), (1, 2)):spatial ((2, 2), (1, 1), (2, 2)):C* ((2, 2), (1, 1), (2, 2)):spatial ((2, 2), (2, 1), (2, 2)):C* ((2, 2), (2, 1), (2, 2)):spatial ((2, 2), (1, 2), (2, 2)):C* ((2, 2), (1, 2), (2, 2)):spatial ((4, 1), (1, 1), (1, 1)):C* ((4, 1), (1, 1), (1, 1)):spatial ((4, 1), (2, 1), (1, 1)):C* ((4, 1), (2, 1), (1, 1)):spatial ((4, 1), (1, 1), (2, 1)):C* ((4, 1), (1, 1), (2, 1)):spatial ((4, 2), (1, 1), (1, 1)):C* ((4, 2), (1, 1), (1, 1)):spatial ((1, 4), (1, 1), (1, 1)):C* ((1, 4), (1, 1), (1, 1)):spatial ((1, 4), (1, 2), (1, 1)):C* ((1, 4), (1, 2), (1, 1)):spatial ((2, 4), (1, 1), (1, 1)):C* ((2, 4), (1, 1), (1, 1)):spatial ((3, 1), (1, 1), (1, 1)):C* ((3, 1), (1, 1), (1, 1)):spatial ((3, 1), (3, 1), (1, 1)):C* ((3, 1), (3, 1), (1, 1)):spatial ((3, 1), (1, 1), (3, 1)):C* ((3, 1), (1, 1), (3, 1)):spatial ((3, 2), (3, 1), (1, 1)):C* ((3, 2), (3, 1), (1, 1)):spatial ((3, 2), (1, 2), (1, 2)):C* ((3, 2), (1, 2), (1, 2)):spatial

--- Margin effects ---
4:4:4 no downsampling
| (('6b', 'turbo210', '7', '8', '8a', '8b', '8c', '8d', '9', '9a', '9b', '9c', '9d', '9e'),) : (0, 0):Y
 (0, 1):Y
 (0, 2):Y
 (0, 4):Y
 (0, 7):Y
 (0, 0):Y
 (1, 0):Y
 (1, 1):Y
 (1, 2):Y
 (1, 4):Y
 (1, 7):Y
 (1, 0):Y
 (2, 0):Y
 (2, 1):Y
 (2, 2):Y
 (2, 4):Y
 (2, 7):Y
 (2, 0):Y
 (4, 0):Y
 (4, 1):Y
 (4, 2):Y
 (4, 4):Y
 (4, 7):Y
 (4, 0):Y
 (7, 0):Y
 (7, 1):Y
 (7, 2):Y
 (7, 4):Y
 (7, 7):Y
 (7, 0):Y
 (0, 0):Y
 (0, 1):Y
 (0, 2):Y
 (0, 4):Y
 (0, 7):Y
 (0, 0):Y

| (('6b', 'turbo210', '7', '8', '8a', '8b', '8c', '8d', '9', '9a', '9b', '9c', '9d'), ('9e',)) : (0, 0):C* (0, 0):spatial (0, 1):C* (0, 1):spatial (0, 2):C* (0, 2):spatial (0, 4):C* (0, 4):spatial (0, 7):C* (0, 7):spatial (0, 0):C* (0, 0):spatial (1, 0):C* (1, 0):spatial (1, 1):C* (1, 1):spatial (1, 2):C* (1, 2):spatial (1, 4):C* (1, 4):spatial (1, 7):C* (1, 7):spatial (1, 0):C* (1, 0):spatial (2, 0):C* (2, 0):spatial (2, 1):C* (2, 1):spatial (2, 2):C* (2, 2):spatial (2, 4):C* (2, 4):spatial (2, 7):C* (2, 7):spatial (2, 0):C* (2, 0):spatial (4, 0):C* (4, 0):spatial (4, 1):C* (4, 1):spatial (4, 2):C* (4, 2):spatial (4, 4):C* (4, 4):spatial (4, 7):C* (4, 7):spatial (4, 0):C* (4, 0):spatial (7, 0):C* (7, 0):spatial (7, 1):C* (7, 1):spatial (7, 2):C* (7, 2):spatial (7, 4):C* (7, 4):spatial (7, 7):C* (7, 7):spatial (7, 0):C* (7, 0):spatial (0, 0):C* (0, 0):spatial (0, 1):C* (0, 1):spatial (0, 2):C* (0, 2):spatial (0, 4):C* (0, 4):spatial (0, 7):C* (0, 7):spatial (0, 0):C* (0, 0):spatial
4:2:0 fancy downsampling
| (('6b', 'turbo210', '7', '8', '8a', '8b', '8c', '8d', '9', '9a', '9b', '9c', '9d', '9e'),) : (0, 0):Y
 (0, 7):Y
 (0, 1):Y
 (0, 0):Y
 (0, 7):Y
 (0, 3):Y
 (0, 2):Y
 (0, 1):Y
 (7, 0):Y
 (7, 7):Y
 (7, 1):Y
 (7, 0):Y
 (7, 7):Y
 (7, 3):Y
 (7, 2):Y
 (7, 1):Y
 (1, 0):Y
 (1, 7):Y
 (1, 1):Y
 (1, 0):Y
 (1, 7):Y
 (1, 3):Y
 (1, 2):Y
 (1, 1):Y
 (0, 0):Y
 (0, 7):Y
 (0, 1):Y
 (0, 0):Y
 (0, 7):Y
 (0, 3):Y
 (0, 2):Y
 (0, 1):Y
 (7, 0):Y
 (7, 7):Y
 (7, 1):Y
 (7, 0):Y
 (7, 7):Y
 (7, 3):Y
 (7, 2):Y
 (7, 1):Y
 (3, 0):Y
 (3, 7):Y
 (3, 1):Y
 (3, 0):Y
 (3, 7):Y
 (3, 3):Y
 (3, 2):Y
 (3, 1):Y
 (2, 0):Y
 (2, 7):Y
 (2, 1):Y
 (2, 0):Y
 (2, 7):Y
 (2, 3):Y
 (2, 2):Y
 (2, 1):Y
 (1, 0):Y
 (1, 7):Y
 (1, 1):Y
 (1, 0):Y
 (1, 7):Y
 (1, 3):Y
 (1, 2):Y
 (1, 1):Y

| (('6b', 'turbo210'), ('7', '8', '8a', '8b', '8c', '8d', '9', '9a', '9b', '9c', '9d'), ('9e',)) : (0, 0):C* (0, 0):spatial (0, 7):C* (0, 7):spatial (0, 1):C* (0, 1):spatial (0, 0):C* (0, 0):spatial (0, 7):C* (0, 7):spatial (0, 3):C* (0, 3):spatial (0, 2):C* (0, 2):spatial (0, 1):C* (0, 1):spatial (7, 0):C* (7, 0):spatial (7, 7):C* (7, 7):spatial (7, 1):C* (7, 1):spatial (7, 0):C* (7, 0):spatial (7, 7):C* (7, 7):spatial (7, 3):C* (7, 3):spatial (7, 2):C* (7, 2):spatial (7, 1):C* (7, 1):spatial (1, 0):C* (1, 0):spatial (1, 7):C* (1, 7):spatial (1, 1):C* (1, 1):spatial (1, 0):C* (1, 0):spatial (1, 7):C* (1, 7):spatial (1, 3):C* (1, 3):spatial (1, 2):C* (1, 2):spatial (1, 1):C* (1, 1):spatial (0, 0):C* (0, 0):spatial (0, 7):C* (0, 7):spatial (0, 1):C* (0, 1):spatial (0, 0):C* (0, 0):spatial (0, 7):C* (0, 7):spatial (0, 3):C* (0, 3):spatial (0, 2):C* (0, 2):spatial (0, 1):C* (0, 1):spatial (7, 0):C* (7, 0):spatial (7, 7):C* (7, 7):spatial (7, 1):C* (7, 1):spatial (7, 0):C* (7, 0):spatial (7, 7):C* (7, 7):spatial (7, 3):C* (7, 3):spatial (7, 2):C* (7, 2):spatial (7, 1):C* (7, 1):spatial (3, 0):C* (3, 0):spatial (3, 7):C* (3, 7):spatial (3, 1):C* (3, 1):spatial (3, 0):C* (3, 0):spatial (3, 7):C* (3, 7):spatial (3, 3):C* (3, 3):spatial (3, 2):C* (3, 2):spatial (3, 1):C* (3, 1):spatial (2, 0):C* (2, 0):spatial (2, 7):C* (2, 7):spatial (2, 1):C* (2, 1):spatial (2, 0):C* (2, 0):spatial (2, 7):C* (2, 7):spatial (2, 3):C* (2, 3):spatial (2, 2):C* (2, 2):spatial (2, 1):C* (2, 1):spatial (1, 0):C* (1, 0):spatial (1, 7):C* (1, 7):spatial (1, 1):C* (1, 1):spatial (1, 0):C* (1, 0):spatial (1, 7):C* (1, 7):spatial (1, 3):C* (1, 3):spatial (1, 2):C* (1, 2):spatial (1, 1):C* (1, 1):spatial
4:2:0 simple_scaling
| (('6b', 'turbo210', '7', '8', '8a', '8b', '8c', '8d', '9', '9a', '9b', '9c', '9d', '9e'),) : (0, 0):Y
 (0, 7):Y
 (0, 1):Y
 (0, 0):Y
 (0, 7):Y
 (0, 3):Y
 (0, 2):Y
 (0, 1):Y
 (7, 0):Y
 (7, 7):Y
 (7, 1):Y
 (7, 0):Y
 (7, 7):Y
 (7, 3):Y
 (7, 2):Y
 (7, 1):Y
 (1, 0):Y
 (1, 7):Y
 (1, 1):Y
 (1, 0):Y
 (1, 7):Y
 (1, 3):Y
 (1, 2):Y
 (1, 1):Y
 (0, 0):Y
 (0, 7):Y
 (0, 1):Y
 (0, 0):Y
 (0, 7):Y
 (0, 3):Y
 (0, 2):Y
 (0, 1):Y
 (7, 0):Y
 (7, 7):Y
 (7, 1):Y
 (7, 0):Y
 (7, 7):Y
 (7, 3):Y
 (7, 2):Y
 (7, 1):Y
 (3, 0):Y
 (3, 7):Y
 (3, 1):Y
 (3, 0):Y
 (3, 7):Y
 (3, 3):Y
 (3, 2):Y
 (3, 1):Y
 (2, 0):Y
 (2, 7):Y
 (2, 1):Y
 (2, 0):Y
 (2, 7):Y
 (2, 3):Y
 (2, 2):Y
 (2, 1):Y
 (1, 0):Y
 (1, 7):Y
 (1, 1):Y
 (1, 0):Y
 (1, 7):Y
 (1, 3):Y
 (1, 2):Y
 (1, 1):Y

| (('6b', 'turbo210', '7', '8', '8a', '8b', '8c', '8d', '9', '9a', '9b', '9c', '9d'), ('9e',)) : (0, 0):C* (0, 0):spatial (0, 7):C* (0, 7):spatial (0, 1):C* (0, 1):spatial (0, 0):C* (0, 0):spatial (0, 7):C* (0, 7):spatial (0, 3):C* (0, 3):spatial (0, 2):C* (0, 2):spatial (0, 1):C* (0, 1):spatial (7, 0):C* (7, 0):spatial (7, 7):C* (7, 7):spatial (7, 1):C* (7, 1):spatial (7, 0):C* (7, 0):spatial (7, 7):C* (7, 7):spatial (7, 3):C* (7, 3):spatial (7, 2):C* (7, 2):spatial (7, 1):C* (7, 1):spatial (1, 0):C* (1, 0):spatial (1, 7):C* (1, 7):spatial (1, 1):C* (1, 1):spatial (1, 0):C* (1, 0):spatial (1, 7):C* (1, 7):spatial (1, 3):C* (1, 3):spatial (1, 2):C* (1, 2):spatial (1, 1):C* (1, 1):spatial (0, 0):C* (0, 0):spatial (0, 7):C* (0, 7):spatial (0, 1):C* (0, 1):spatial (0, 0):C* (0, 0):spatial (0, 7):C* (0, 7):spatial (0, 3):C* (0, 3):spatial (0, 2):C* (0, 2):spatial (0, 1):C* (0, 1):spatial (7, 0):C* (7, 0):spatial (7, 7):C* (7, 7):spatial (7, 1):C* (7, 1):spatial (7, 0):C* (7, 0):spatial (7, 7):C* (7, 7):spatial (7, 3):C* (7, 3):spatial (7, 2):C* (7, 2):spatial (7, 1):C* (7, 1):spatial (3, 0):C* (3, 0):spatial (3, 7):C* (3, 7):spatial (3, 1):C* (3, 1):spatial (3, 0):C* (3, 0):spatial (3, 7):C* (3, 7):spatial (3, 3):C* (3, 3):spatial (3, 2):C* (3, 2):spatial (3, 1):C* (3, 1):spatial (2, 0):C* (2, 0):spatial (2, 7):C* (2, 7):spatial (2, 1):C* (2, 1):spatial (2, 0):C* (2, 0):spatial (2, 7):C* (2, 7):spatial (2, 3):C* (2, 3):spatial (2, 2):C* (2, 2):spatial (2, 1):C* (2, 1):spatial (1, 0):C* (1, 0):spatial (1, 7):C* (1, 7):spatial (1, 1):C* (1, 1):spatial (1, 0):C* (1, 0):spatial (1, 7):C* (1, 7):spatial (1, 3):C* (1, 3):spatial (1, 2):C* (1, 2):spatial (1, 1):C* (1, 1):spatial

--- Python implementations ---
| Y (('PIL', 'plt', '6b', '8d', '9d', '9e', 'turbo'), ('cv2',))
| C* (('8d', '9d'), ('PIL', 'plt', '6b', 'turbo'), ('9e',), ('cv2',))

