Loaded 80005 images from /Users/martin/Datasets/ALASKA_v2_TIFF_256_COLOR
Loaded 23152 images from /Users/martin/Datasets/BOSS_raw/BOSS_from_raw
=== Compression tests ===

--- Data ---
Data:
| Data size: 17
| Image size: (512, 512)
| Channels: 1

is turbo faster in decompression than 6b: p-value 0.012015325074170103

--- baseline ---
| Y (('6b', 'turbo210', '7', '8', '8a', '8b', '8c', '8d', '9', '9a', '9b', '9c', '9d', '9e'),)

--- DCT methods ---
4:4:4 no downsampling
Method: JDCT_ISLOW
| Y (('6b', 'turbo210', '7', '8', '8a', '8b', '8c', '8d', '9', '9a', '9b', '9c', '9d', '9e'),)
Method: JDCT_FLOAT
| Y (('6b', 'turbo210', '7', '8', '8a', '8b', '8c', '8d', '9', '9a', '9b', '9c', '9d', '9e'),)
Method: JDCT_IFAST
| Y (('6b', 'turbo210', '7', '8', '8a', '8b', '8c', '8d', '9', '9a', '9b', '9c', '9d', '9e'),)

--- Quality ---
| (('6b', 'turbo210', '7', '8', '8a', '8b', '8c', '8d', '9', '9a', '9b', '9c', '9d', '9e'),) : 0:Y 0:spatial 1:Y 1:spatial 2:Y 2:spatial 3:Y 3:spatial 4:Y 4:spatial 5:Y 5:spatial 6:Y 6:spatial 7:Y 7:spatial 8:Y 8:spatial 9:Y 9:spatial 10:Y 10:spatial 11:Y 11:spatial 12:Y 12:spatial 13:Y 13:spatial 14:Y 14:spatial 15:Y 15:spatial 16:Y 16:spatial 17:Y 17:spatial 18:Y 18:spatial 19:Y 19:spatial 20:Y 20:spatial 21:Y 21:spatial 22:Y 22:spatial 23:Y 23:spatial 24:Y 24:spatial 25:Y 25:spatial 26:Y 26:spatial 27:Y 27:spatial 28:Y 28:spatial 29:Y 29:spatial 30:Y 30:spatial 31:Y 31:spatial 32:Y 32:spatial 33:Y 33:spatial 34:Y 34:spatial 35:Y 35:spatial 36:Y 36:spatial 37:Y 37:spatial 38:Y 38:spatial 39:Y 39:spatial 40:Y 40:spatial 41:Y 41:spatial 42:Y 42:spatial 43:Y 43:spatial 44:Y 44:spatial 45:Y 45:spatial 46:Y 46:spatial 47:Y 47:spatial 48:Y 48:spatial 49:Y 49:spatial 50:Y 50:spatial 51:Y 51:spatial 52:Y 52:spatial 53:Y 53:spatial 54:Y 54:spatial 55:Y 55:spatial 56:Y 56:spatial 57:Y 57:spatial 58:Y 58:spatial 59:Y 59:spatial 60:Y 60:spatial 61:Y 61:spatial 62:Y 62:spatial 63:Y 63:spatial 64:Y 64:spatial 65:Y 65:spatial 66:Y 66:spatial 67:Y 67:spatial 68:Y 68:spatial 69:Y 69:spatial 70:Y 70:spatial 71:Y 71:spatial 72:Y 72:spatial 73:Y 73:spatial 74:Y 74:spatial 75:Y 75:spatial 76:Y 76:spatial 77:Y 77:spatial 78:Y 78:spatial 79:Y 79:spatial 80:Y 80:spatial 81:Y 81:spatial 82:Y 82:spatial 83:Y 83:spatial 84:Y 84:spatial 85:Y 85:spatial 86:Y 86:spatial 87:Y 87:spatial 88:Y 88:spatial 89:Y 89:spatial 90:Y 90:spatial 91:Y 91:spatial 92:Y 92:spatial 93:Y 93:spatial 94:Y 94:spatial 95:Y 95:spatial 96:Y 96:spatial 97:Y 97:spatial 98:Y 98:spatial 99:Y 99:spatial 100:Y 100:spatial

--- Margin effects ---
4:4:4 no downsampling
| (('6b', 'turbo210', '7', '8', '8a', '8b', '8c', '8d', '9', '9a', '9b', '9c', '9d', '9e'),) : (0, 0):Y (0, 0):spatial
 (0, 1):Y (0, 1):spatial
 (0, 2):Y (0, 2):spatial
 (0, 4):Y (0, 4):spatial
 (0, 7):Y (0, 7):spatial
 (0, 0):Y (0, 0):spatial
 (1, 0):Y (1, 0):spatial
 (1, 1):Y (1, 1):spatial
 (1, 2):Y (1, 2):spatial
 (1, 4):Y (1, 4):spatial
 (1, 7):Y (1, 7):spatial
 (1, 0):Y (1, 0):spatial
 (2, 0):Y (2, 0):spatial
 (2, 1):Y (2, 1):spatial
 (2, 2):Y (2, 2):spatial
 (2, 4):Y (2, 4):spatial
 (2, 7):Y (2, 7):spatial
 (2, 0):Y (2, 0):spatial
 (4, 0):Y (4, 0):spatial
 (4, 1):Y (4, 1):spatial
 (4, 2):Y (4, 2):spatial
 (4, 4):Y (4, 4):spatial
 (4, 7):Y (4, 7):spatial
 (4, 0):Y (4, 0):spatial
 (7, 0):Y (7, 0):spatial
 (7, 1):Y (7, 1):spatial
 (7, 2):Y (7, 2):spatial
 (7, 4):Y (7, 4):spatial
 (7, 7):Y (7, 7):spatial
 (7, 0):Y (7, 0):spatial
 (0, 0):Y (0, 0):spatial
 (0, 1):Y (0, 1):spatial
 (0, 2):Y (0, 2):spatial
 (0, 4):Y (0, 4):spatial
 (0, 7):Y (0, 7):spatial
 (0, 0):Y (0, 0):spatial

--- Python implementations ---
| Y (('PIL', '6b', '8d', '9d', '9e', 'turbo'), ('cv2',), ('plt',))

