Loaded 80010 images from /home/nora/Datasets/ALASKA_v2_TIFF_256_COLOR
Loaded 23177 images from /home/nora/Datasets/BOSS_raw/BOSS_from_raw
=== Decompression tests ===
Data:
| Data size: 17
| Image size: (512, 512)
| Channels: 1

--- baseline ---
| spatial (('6b', 'turbo210', '7', '8', '8a', '8b', '8c', '8d', '9', '9a', '9b', '9c', '9d', '9e'),)

--- DCT methods ---
4:4:4 no downsampling
Method: JDCT_ISLOW
| spatial (('6b', 'turbo210', '7', '8', '8a', '8b', '8c', '8d', '9', '9a', '9b', '9c', '9d', '9e'),)
Method: JDCT_FLOAT
| spatial (('6b', '7', '8'), ('9b', '9c', '9d', '9e'), ('turbo210', '8a', '8b', '8c', '8d', '9', '9a'))
Method: JDCT_IFAST
| spatial (('6b', 'turbo210', '7', '8', '8a', '8b', '8c', '8d', '9', '9a'), ('9b', '9c', '9d', '9e'))

--- Quality ---
| (('6b', 'turbo210', '7', '8', '8a', '8b', '8c', '8d', '9', '9a', '9b', '9c', '9d', '9e'),) : 25 26 27 28 29 30 31 32 33 34 35 36 37 38 39 40 41 42 43 44 45 46 47 48 49 50 51 52 53 54 55 56 57 58 59 60 61 62 63 64 65 66 67 68 69 70 71 72 73 74 75 76 77 78 79 80 81 82 83 84 85 86 87 88 89 90 91 92 93 94 95 96 97 98 99 100

--- Margin effects ---
4:4:4 no downsampling
| (('6b', 'turbo210', '7', '8', '8a', '8b', '8c', '8d', '9', '9a', '9b', '9c', '9d', '9e'),) : (0, 0) (0, 1) (0, 2) (0, 4) (0, 7) (0, 0) (1, 0) (1, 1) (1, 2) (1, 4) (1, 7) (1, 0) (2, 0) (2, 1) (2, 2) (2, 4) (2, 7) (2, 0) (4, 0) (4, 1) (4, 2) (4, 4) (4, 7) (4, 0) (7, 0) (7, 1) (7, 2) (7, 4) (7, 7) (7, 0) (0, 0) (0, 1) (0, 2) (0, 4) (0, 7) (0, 0)
--- Python implementations ---
